# JRE version: OpenJDK Runtime Environment (7.0_45-b31) (build 1.7.0_45-b31)
# Java VM: OpenJDK 64-Bit Server VM (24.45-b08 mixed mode linux-amd64 compressed oops)
Heap
 PSYoungGen      total 194560K, used 194560K [0x00000000ebe00000, 0x00000000fb200000, 0x0000000100000000)
  eden space 164352K, 100% used [0x00000000ebe00000,0x00000000f5e80000,0x00000000f5e80000)
  from space 30208K, 100% used [0x00000000f9480000,0x00000000fb200000,0x00000000fb200000)
  to   space 39936K, 100% used [0x00000000f6400000,0x00000000f8b00000,0x00000000f8b00000)
 ParOldGen       total 76288K, used 76282K [0x00000000c3a00000, 0x00000000c8480000, 0x00000000ebe00000)
  object space 76288K, 99% used [0x00000000c3a00000,0x00000000c847e828,0x00000000c8480000)
 PSPermGen       total 23040K, used 11508K [0x00000000b9400000, 0x00000000baa80000, 0x00000000c3a00000)
  object space 23040K, 49% used [0x00000000b9400000,0x00000000b9f3d090,0x00000000baa80000)
GC Heap History (10 events):
Event: 4.898 GC heap after
Heap after GC invocations=7 (full 0):
 PSYoungGen      total 67584K, used 6144K [0x00000000ebe00000, 0x00000000f5500000, 0x0000000100000000)
  eden space 61440K, 0% used [0x00000000ebe00000,0x00000000ebe00000,0x00000000efa00000)
  from space 6144K, 100% used [0x00000000efa00000,0x00000000f0000000,0x00000000f0000000)
  to   space 15872K, 0% used [0x00000000f4580000,0x00000000f4580000,0x00000000f5500000)
 ParOldGen       total 40960K, used 23526K [0x00000000c3a00000, 0x00000000c6200000, 0x00000000ebe00000)
  object space 40960K, 57% used [0x00000000c3a00000,0x00000000c50f9af8,0x00000000c6200000)
 PSPermGen       total 21504K, used 11503K [0x00000000b9400000, 0x00000000ba900000, 0x00000000c3a00000)
  object space 21504K, 53% used [0x00000000b9400000,0x00000000b9f3bf50,0x00000000ba900000)
}
Event: 4.948 GC heap before
{Heap before GC invocations=8 (full 0):
 PSYoungGen      total 67584K, used 67584K [0x00000000ebe00000, 0x00000000f5500000, 0x0000000100000000)
  eden space 61440K, 100% used [0x00000000ebe00000,0x00000000efa00000,0x00000000efa00000)
  from space 6144K, 100% used [0x00000000efa00000,0x00000000f0000000,0x00000000f0000000)
  to   space 15872K, 0% used [0x00000000f4580000,0x00000000f4580000,0x00000000f5500000)
 ParOldGen       total 40960K, used 23526K [0x00000000c3a00000, 0x00000000c6200000, 0x00000000ebe00000)
  object space 40960K, 57% used [0x00000000c3a00000,0x00000000c50f9af8,0x00000000c6200000)
 PSPermGen       total 21504K, used 11503K [0x00000000b9400000, 0x00000000ba900000, 0x00000000c3a00000)
  object space 21504K, 53% used [0x00000000b9400000,0x00000000b9f3bf50,0x00000000ba900000)
Event: 5.000 GC heap after
Heap after GC invocations=8 (full 0):
 PSYoungGen      total 134144K, used 15849K [0x00000000ebe00000, 0x00000000f5e00000, 0x0000000100000000)
  eden space 118272K, 0% used [0x00000000ebe00000,0x00000000ebe00000,0x00000000f3180000)
  from space 15872K, 99% used [0x00000000f4580000,0x00000000f54fa550,0x00000000f5500000)
  to   space 20480K, 0% used [0x00000000f3180000,0x00000000f3180000,0x00000000f4580000)
 ParOldGen       total 40960K, used 28020K [0x00000000c3a00000, 0x00000000c6200000, 0x00000000ebe00000)
  object space 40960K, 68% used [0x00000000c3a00000,0x00000000c555d280,0x00000000c6200000)
 PSPermGen       total 21504K, used 11503K [0x00000000b9400000, 0x00000000ba900000, 0x00000000c3a00000)
  object space 21504K, 53% used [0x00000000b9400000,0x00000000b9f3bf50,0x00000000ba900000)
}
Event: 5.671 GC heap before
{Heap before GC invocations=9 (full 0):
 PSYoungGen      total 134144K, used 134121K [0x00000000ebe00000, 0x00000000f5e00000, 0x0000000100000000)
  eden space 118272K, 100% used [0x00000000ebe00000,0x00000000f3180000,0x00000000f3180000)
  from space 15872K, 99% used [0x00000000f4580000,0x00000000f54fa550,0x00000000f5500000)
  to   space 20480K, 0% used [0x00000000f3180000,0x00000000f3180000,0x00000000f4580000)
 ParOldGen       total 40960K, used 28020K [0x00000000c3a00000, 0x00000000c6200000, 0x00000000ebe00000)
  object space 40960K, 68% used [0x00000000c3a00000,0x00000000c555d280,0x00000000c6200000)
 PSPermGen       total 21504K, used 11525K [0x00000000b9400000, 0x00000000ba900000, 0x00000000c3a00000)
  object space 21504K, 53% used [0x00000000b9400000,0x00000000b9f415d0,0x00000000ba900000)
Event: 5.820 GC heap after
Heap after GC invocations=9 (full 0):
 PSYoungGen      total 138752K, used 20480K [0x00000000ebe00000, 0x00000000fb200000, 0x0000000100000000)
  eden space 118272K, 0% used [0x00000000ebe00000,0x00000000ebe00000,0x00000000f3180000)
  from space 20480K, 100% used [0x00000000f3180000,0x00000000f4580000,0x00000000f4580000)
  to   space 30208K, 0% used [0x00000000f9480000,0x00000000f9480000,0x00000000fb200000)
 ParOldGen       total 42496K, used 42204K [0x00000000c3a00000, 0x00000000c6380000, 0x00000000ebe00000)
  object space 42496K, 99% used [0x00000000c3a00000,0x00000000c6337280,0x00000000c6380000)
 PSPermGen       total 21504K, used 11525K [0x00000000b9400000, 0x00000000ba900000, 0x00000000c3a00000)
  object space 21504K, 53% used [0x00000000b9400000,0x00000000b9f415d0,0x00000000ba900000)
}
Event: 5.820 GC heap before
{Heap before GC invocations=10 (full 1):
 PSYoungGen      total 138752K, used 20480K [0x00000000ebe00000, 0x00000000fb200000, 0x0000000100000000)
  eden space 118272K, 0% used [0x00000000ebe00000,0x00000000ebe00000,0x00000000f3180000)
  from space 20480K, 100% used [0x00000000f3180000,0x00000000f4580000,0x00000000f4580000)
  to   space 30208K, 0% used [0x00000000f9480000,0x00000000f9480000,0x00000000fb200000)
 ParOldGen       total 42496K, used 42204K [0x00000000c3a00000, 0x00000000c6380000, 0x00000000ebe00000)
  object space 42496K, 99% used [0x00000000c3a00000,0x00000000c6337280,0x00000000c6380000)
 PSPermGen       total 21504K, used 11525K [0x00000000b9400000, 0x00000000ba900000, 0x00000000c3a00000)
  object space 21504K, 53% used [0x00000000b9400000,0x00000000b9f415d0,0x00000000ba900000)
Event: 6.529 GC heap after
Heap after GC invocations=10 (full 1):
 PSYoungGen      total 138752K, used 0K [0x00000000ebe00000, 0x00000000fb200000, 0x0000000100000000)
  eden space 118272K, 0% used [0x00000000ebe00000,0x00000000ebe00000,0x00000000f3180000)
  from space 20480K, 0% used [0x00000000f3180000,0x00000000f3180000,0x00000000f4580000)
  to   space 30208K, 0% used [0x00000000f9480000,0x00000000f9480000,0x00000000fb200000)
 ParOldGen       total 66048K, used 30194K [0x00000000c3a00000, 0x00000000c7a80000, 0x00000000ebe00000)
  object space 66048K, 45% used [0x00000000c3a00000,0x00000000c577c828,0x00000000c7a80000)
 PSPermGen       total 23040K, used 11508K [0x00000000b9400000, 0x00000000baa80000, 0x00000000c3a00000)
  object space 23040K, 49% used [0x00000000b9400000,0x00000000b9f3d090,0x00000000baa80000)
}
Event: 6.637 GC heap before
{Heap before GC invocations=11 (full 1):
 PSYoungGen      total 138752K, used 118272K [0x00000000ebe00000, 0x00000000fb200000, 0x0000000100000000)
  eden space 118272K, 100% used [0x00000000ebe00000,0x00000000f3180000,0x00000000f3180000)
  from space 20480K, 0% used [0x00000000f3180000,0x00000000f3180000,0x00000000f4580000)
  to   space 30208K, 0% used [0x00000000f9480000,0x00000000f9480000,0x00000000fb200000)
 ParOldGen       total 66048K, used 30194K [0x00000000c3a00000, 0x00000000c7a80000, 0x00000000ebe00000)
  object space 66048K, 45% used [0x00000000c3a00000,0x00000000c577c828,0x00000000c7a80000)
 PSPermGen       total 23040K, used 11508K [0x00000000b9400000, 0x00000000baa80000, 0x00000000c3a00000)
  object space 23040K, 49% used [0x00000000b9400000,0x00000000b9f3d090,0x00000000baa80000)
Event: 6.836 GC heap after
Heap after GC invocations=11 (full 1):
 PSYoungGen      total 194560K, used 30208K [0x00000000ebe00000, 0x00000000fb200000, 0x0000000100000000)
  eden space 164352K, 0% used [0x00000000ebe00000,0x00000000ebe00000,0x00000000f5e80000)
  from space 30208K, 100% used [0x00000000f9480000,0x00000000fb200000,0x00000000fb200000)
  to   space 39936K, 0% used [0x00000000f6400000,0x00000000f6400000,0x00000000f8b00000)
 ParOldGen       total 66048K, used 42794K [0x00000000c3a00000, 0x00000000c7a80000, 0x00000000ebe00000)
  object space 66048K, 64% used [0x00000000c3a00000,0x00000000c63ca828,0x00000000c7a80000)
 PSPermGen       total 23040K, used 11508K [0x00000000b9400000, 0x00000000baa80000, 0x00000000c3a00000)
  object space 23040K, 49% used [0x00000000b9400000,0x00000000b9f3d090,0x00000000baa80000)
}
Event: 6.985 GC heap before
{Heap before GC invocations=12 (full 1):
 PSYoungGen      total 194560K, used 194560K [0x00000000ebe00000, 0x00000000fb200000, 0x0000000100000000)
  eden space 164352K, 100% used [0x00000000ebe00000,0x00000000f5e80000,0x00000000f5e80000)
  from space 30208K, 100% used [0x00000000f9480000,0x00000000fb200000,0x00000000fb200000)
  to   space 39936K, 0% used [0x00000000f6400000,0x00000000f6400000,0x00000000f8b00000)
 ParOldGen       total 66048K, used 42794K [0x00000000c3a00000, 0x00000000c7a80000, 0x00000000ebe00000)
  object space 66048K, 64% used [0x00000000c3a00000,0x00000000c63ca828,0x00000000c7a80000)
 PSPermGen       total 23040K, used 11508K [0x00000000b9400000, 0x00000000baa80000, 0x00000000c3a00000)
  object space 23040K, 49% used [0x00000000b9400000,0x00000000b9f3d090,0x00000000baa80000)

